<?xml version="1.0" encoding="UTF-8"?>
<!-- Generated by org.testng.reporters.JUnitReportReporter -->
<testsuite hostname="EXIMR-IM-677" name="com.testScripts.TestExecution" tests="5" failures="0" timestamp="24 Jul 2019 12:52:56 GMT" time="16.020" errors="0">
  <testcase name="signout_button_verify" time="0.128" classname="com.testScripts.TestExecution"/>
  <testcase name="password_verfy" time="2.999" classname="com.testScripts.TestExecution"/>
  <testcase name="my_profile_button_verify" time="3.025" classname="com.testScripts.TestExecution"/>
  <testcase name="login_Verify" time="8.162" classname="com.testScripts.TestExecution"/>
  <testcase name="Accout_Settings_verify" time="1.706" classname="com.testScripts.TestExecution"/>
</testsuite> <!-- com.testScripts.TestExecution -->
